<?xml version="1.0" encoding="UTF-8"?>
<!-- Generated by org.testng.reporters.JUnitReportReporter -->
<testsuite hostname="DESKTOP-6UE8ILS" failures="0" tests="2" name="SeleniumTest.Testselenium" time="67.458" errors="0" timestamp="2019-12-01T16:39:53 IST" skipped="0">
  <testcase classname="SeleniumTest.Testselenium" name="VerifyingTitle" time="41.632"/>
  <testcase classname="SeleniumTest.Testselenium" name="Verifyurl" time="25.826"/>
</testsuite> <!-- SeleniumTest.Testselenium -->
